[debug] > Exec(early(addDefaultCommands), None, None)
[debug] > Exec(addDefaultCommands, None, None)
[debug] > Exec(early(initialize), None, None)
[debug] > Exec(initialize, None, None)
[debug] > Exec(early(addPluginSbtFile="""C:\Users\Tyler\AppData\Local\Temp\idea.sbt"""), None, None)
[debug] > Exec(addPluginSbtFile="""C:\Users\Tyler\AppData\Local\Temp\idea.sbt""", None, None)
[debug] > Exec(boot, None, None)
[debug] > Exec(writeSbtVersion, None, None)
[debug] > Exec(reload, None, None)
[debug] > Exec(sbtStashOnFailure, None, None)
[debug] > Exec(onFailure loadFailed, None, None)
[debug] > Exec(loadp, None, None)
[info] welcome to sbt 1.4.6 (Amazon.com Inc. Java 1.8.0_282)
[debug]       Load.loadUnit: plugins took 192.0596ms
[debug]       Load.loadUnit: defsScala took 0.5229ms
[debug] [Loading] Scanning directory C:\Users\Tyler\.sbt\1.0\plugins
[debug] [Loading] Found non-root projects 
[debug] [Loading] Done in C:\Users\Tyler\.sbt\1.0\plugins, returning: ()
[debug] deducing auto plugins based on known facts Set(Atom(sbt.plugins.CorePlugin)) and clauses Clauses(List(Clause(Atom(sbt.plugins.JvmPlugin),Set(Atom(sbt.plugins.IvyPlugin))), Clause(Atom(sbt.ScriptedPlugin),Set(Atom(sbt.plugins.JvmPlugin))), Clause(Atom(sbt.plugins.SbtPlugin),Set(Atom(sbt.ScriptedPlugin))), Clause(Atom(sbt.plugins.SemanticdbPlugin),Set(Atom(sbt.plugins.JvmPlugin))), Clause(Atom(sbt.plugins.JUnitXmlReportPlugin),Set(Atom(sbt.plugins.JvmPlugin))), Clause(Atom(sbt.plugins.MiniDependencyTreePlugin),Set(Atom(sbt.plugins.JvmPlugin))), Clause(Atom(sbt.plugins.CorePlugin),Set(Atom(sbt.plugins.IvyPlugin))), Clause(Atom(sbt.plugins.IvyPlugin),Set(Atom(sbt.plugins.JvmPlugin))), Clause(Atom(sbt.plugins.JvmPlugin),Set(Atom(sbt.plugins.SemanticdbPlugin))), Clause(Atom(sbt.plugins.JvmPlugin),Set(Atom(sbt.plugins.JUnitXmlReportPlugin))), Clause(Atom(sbt.plugins.CorePlugin),Set(Atom(sbt.plugins.Giter8TemplatePlugin))), Clause(Atom(sbt.plugins.JvmPlugin),Set(Atom(sbt.plugins.MiniDependencyTreePlugin)))))
[debug]   :: deduced result: Matched(sbt.plugins.CorePlugin,sbt.plugins.Giter8TemplatePlugin,sbt.plugins.IvyPlugin,sbt.plugins.JvmPlugin,sbt.plugins.MiniDependencyTreePlugin,sbt.plugins.JUnitXmlReportPlugin,sbt.plugins.SemanticdbPlugin)
[debug] Plugins.deducer#function took 34.8816 ms
[debug]           Load.resolveProject(global-plugins) took 170.1479ms
[debug]         Load.loadTransitive: finalizeProject(Project(id global-plugins, base: C:\Users\Tyler\.sbt\1.0\plugins, plugins: List(<none>))) took 263.2835ms
[debug] [Loading] Done in C:\Users\Tyler\.sbt\1.0\plugins, returning: (global-plugins)
[debug]       Load.loadUnit: loadedProjectsRaw took 299.8176ms
[debug]       Load.loadUnit: cleanEvalClasses took 0.4653ms
[debug]     Load.loadUnit(file:/C:/Users/Tyler/.sbt/1.0/plugins/, ...) took 675.1215ms
[debug]   Load.apply: load took 1141.2287ms
[debug]   Load.apply: resolveProjects took 14.2856ms
[debug]   Load.apply: finalTransforms took 214.2238ms
[debug]   Load.apply: config.delegates took 12.7488ms
[debug]   Load.apply: Def.make(settings)... took 1427.2795ms
[debug]   Load.apply: structureIndex took 194.8312ms
[debug]   Load.apply: mkStreams took 2.0498ms
[info] loading global plugins from C:\Users\Tyler\.sbt\1.0\plugins
[debug] Running task... Cancel: Signal, check cycles: false, forcegc: true
[debug] Load.defaultLoad until apply took 6194.773ms
[debug]           Load.loadUnit: plugins took 52.8849ms
[debug]           Load.loadUnit: defsScala took 0.0045ms
[debug] [Loading] Scanning directory C:\Users\Tyler\Desktop\Spring 2021\PPL\project2\project
[debug]             Load.loadUnit: mkEval took 22.7889ms
[debug] [Loading] Found non-root projects 
[debug] [Loading] Done in C:\Users\Tyler\Desktop\Spring 2021\PPL\project2\project, returning: ()
[debug] deducing auto plugins based on known facts Set(Atom(sbt.plugins.CorePlugin)) and clauses Clauses(List(Clause(Atom(sbt.plugins.JvmPlugin),Set(Atom(sbt.plugins.IvyPlugin))), Clause(Atom(sbt.ScriptedPlugin),Set(Atom(sbt.plugins.JvmPlugin))), Clause(Atom(sbt.plugins.SbtPlugin),Set(Atom(sbt.ScriptedPlugin))), Clause(Atom(sbt.plugins.SemanticdbPlugin),Set(Atom(sbt.plugins.JvmPlugin))), Clause(Atom(sbt.plugins.JUnitXmlReportPlugin),Set(Atom(sbt.plugins.JvmPlugin))), Clause(Atom(sbt.plugins.MiniDependencyTreePlugin),Set(Atom(sbt.plugins.JvmPlugin))), Clause(Atom(sbt.plugins.CorePlugin),Set(Atom(sbt.plugins.IvyPlugin))), Clause(Atom(sbt.plugins.IvyPlugin),Set(Atom(sbt.plugins.JvmPlugin))), Clause(Atom(sbt.plugins.JvmPlugin),Set(Atom(sbt.plugins.SemanticdbPlugin))), Clause(Atom(sbt.plugins.JvmPlugin),Set(Atom(sbt.plugins.JUnitXmlReportPlugin))), Clause(Atom(sbt.plugins.CorePlugin),Set(Atom(sbt.plugins.Giter8TemplatePlugin))), Clause(Atom(sbt.plugins.JvmPlugin),Set(Atom(sbt.plugins.MiniDependencyTreePlugin)))))
[debug]   :: deduced result: Matched(sbt.plugins.CorePlugin,sbt.plugins.Giter8TemplatePlugin,sbt.plugins.IvyPlugin,sbt.plugins.JvmPlugin,sbt.plugins.MiniDependencyTreePlugin,sbt.plugins.JUnitXmlReportPlugin,sbt.plugins.SemanticdbPlugin)
[debug] Plugins.deducer#function took 3.7921 ms
[info] loading settings for project project2-build from idea.sbt ...
[debug]               Load.resolveProject(project2-build) took 4.5167ms
[debug]             Load.loadTransitive: finalizeProject(Project(id project2-build, base: C:\Users\Tyler\Desktop\Spring 2021\PPL\project2\project, plugins: List(<none>))) took 9.02ms
[debug] [Loading] Done in C:\Users\Tyler\Desktop\Spring 2021\PPL\project2\project, returning: (project2-build)
[debug]           Load.loadUnit: loadedProjectsRaw took 4989.1104ms
[debug]           Load.loadUnit: cleanEvalClasses took 7.7879ms
[debug]         Load.loadUnit(file:/C:/Users/Tyler/Desktop/Spring%202021/PPL/project2/project/, ...) took 5051.3621ms
[debug]       Load.apply: load took 5053.5491ms
[debug]       Load.apply: resolveProjects took 0.1552ms
[debug]       Load.apply: finalTransforms took 17.1345ms
[debug]       Load.apply: config.delegates took 0.9717ms
[debug]       Load.apply: Def.make(settings)... took 235.2015ms
[debug]       Load.apply: structureIndex took 43.1404ms
[debug]       Load.apply: mkStreams took 0.0026ms
[info] loading project definition from C:\Users\Tyler\Desktop\Spring 2021\PPL\project2\project
[debug] Running task... Cancel: Signal, check cycles: false, forcegc: true
[debug]     Load.loadUnit: plugins took 7881.3585ms
[debug]     Load.loadUnit: defsScala took 0.0038ms
[debug] [Loading] Scanning directory C:\Users\Tyler\Desktop\Spring 2021\PPL\project2
[debug]       Load.loadUnit: mkEval took 0.3194ms
[debug] [Loading] Found non-root projects 
[debug] [Loading] Done in C:\Users\Tyler\Desktop\Spring 2021\PPL\project2, returning: ()
[debug] deducing auto plugins based on known facts Set(Atom(sbt.plugins.CorePlugin)) and clauses Clauses(List(Clause(Atom(sbt.plugins.JvmPlugin),Set(Atom(sbt.plugins.IvyPlugin))), Clause(Atom(sbt.ScriptedPlugin),Set(Atom(sbt.plugins.JvmPlugin))), Clause(Atom(sbt.plugins.SbtPlugin),Set(Atom(sbt.ScriptedPlugin))), Clause(Atom(sbt.plugins.SemanticdbPlugin),Set(Atom(sbt.plugins.JvmPlugin))), Clause(Atom(sbt.plugins.JUnitXmlReportPlugin),Set(Atom(sbt.plugins.JvmPlugin))), Clause(Atom(sbt.plugins.MiniDependencyTreePlugin),Set(Atom(sbt.plugins.JvmPlugin))), Clause(Atom(org.jetbrains.sbt.StructurePlugin),Set(Atom(sbt.plugins.JvmPlugin))), Clause(Atom(org.jetbrains.sbt.IdeaShellPlugin),Set(Atom(sbt.plugins.JvmPlugin))), Clause(Atom(org.jetbrains.sbt.indices.SbtIntellijIndicesPlugin),Set(Atom(sbt.plugins.JvmPlugin))), Clause(Atom(sbt.plugins.CorePlugin),Set(Atom(sbt.plugins.IvyPlugin))), Clause(Atom(sbt.plugins.IvyPlugin),Set(Atom(sbt.plugins.JvmPlugin))), Clause(Atom(sbt.plugins.JvmPlugin),Set(Atom(sbt.plugins.SemanticdbPlugin))), Clause(Atom(sbt.plugins.JvmPlugin),Set(Atom(sbt.plugins.JUnitXmlReportPlugin))), Clause(Atom(sbt.plugins.CorePlugin),Set(Atom(sbt.plugins.Giter8TemplatePlugin))), Clause(Atom(sbt.plugins.JvmPlugin),Set(Atom(sbt.plugins.MiniDependencyTreePlugin))), Clause(Atom(sbt.plugins.JvmPlugin),Set(Atom(org.jetbrains.sbt.StructurePlugin))), Clause(Atom(sbt.plugins.JvmPlugin),Set(Atom(org.jetbrains.sbt.IdeaShellPlugin))), Clause(And(Set(Atom(sbt.plugins.CorePlugin), Atom(sbt.plugins.JvmPlugin))),Set(Atom(org.jetbrains.sbt.indices.SbtIntellijIndicesPlugin)))))
[debug]   :: deduced result: Matched(sbt.plugins.CorePlugin,sbt.plugins.Giter8TemplatePlugin,sbt.plugins.IvyPlugin,sbt.plugins.JvmPlugin,sbt.plugins.SemanticdbPlugin,org.jetbrains.sbt.indices.SbtIntellijIndicesPlugin,sbt.plugins.JUnitXmlReportPlugin,org.jetbrains.sbt.IdeaShellPlugin,org.jetbrains.sbt.StructurePlugin,sbt.plugins.MiniDependencyTreePlugin)
[debug] Plugins.deducer#function took 5.9577 ms
[info] loading settings for project project2 from build.sbt ...
[debug]         Load.resolveProject(project2) took 66.5265ms
[debug]       Load.loadTransitive: finalizeProject(Project(id project2, base: C:\Users\Tyler\Desktop\Spring 2021\PPL\project2, plugins: List(<none>))) took 82.7922ms
[debug] [Loading] Done in C:\Users\Tyler\Desktop\Spring 2021\PPL\project2, returning: (project2)
[debug]     Load.loadUnit: loadedProjectsRaw took 5486.4016ms
[debug]     Load.loadUnit: cleanEvalClasses took 20.5319ms
[debug]   Load.loadUnit(file:/C:/Users/Tyler/Desktop/Spring%202021/PPL/project2/, ...) took 13389.046ms
[debug] Load.apply: load took 13392.708ms
[debug] Load.apply: resolveProjects took 0.1769ms
[debug] Load.apply: finalTransforms took 61.9872ms
[debug] Load.apply: config.delegates took 0.6481ms
[debug] Load.apply: Def.make(settings)... took 218.7864ms
[debug] Load.apply: structureIndex took 49.4664ms
[debug] Load.apply: mkStreams took 0.0024ms
[info] set current project to csci3155_spring2021_project2 (in build file:/C:/Users/Tyler/Desktop/Spring%202021/PPL/project2/)
[debug] > Exec(sbtPopOnFailure, None, None)
[debug] > Exec(resumeFromFailure, None, None)
[debug] > Exec(notifyUsersAboutShell, None, None)
[debug] > Exec(iflast shell, None, None)
[debug] > Exec(; set ideaPort in Global := 52911 ; idea-shell, None, None)
[debug] > Exec(set ideaPort in Global := 52911, None, None)
[info] Defining Global / ideaPort
[info] The new value will be used by Compile / compile, Test / compile
[debug] Defining 
[debug] 	Global / ideaPort
[debug] 
[debug] The new value will be used by 
[debug] 	Compile / compile
[debug] 	Test / compile
[info] Reapplying settings...
[info] set current project to csci3155_spring2021_project2 (in build file:/C:/Users/Tyler/Desktop/Spring%202021/PPL/project2/)
[debug] > Exec(idea-shell, None, None)
